{"contracts/Lottery.sol":{"l":{"78":3,"79":3,"80":3,"81":3,"82":3,"84":3,"85":3,"86":3,"91":9,"92":1,"95":8,"96":0,"98":8,"99":8,"119":8,"121":8,"123":8,"125":8,"126":8,"136":5,"137":5,"138":1,"140":4,"141":4,"148":0,"156":0,"157":0,"158":0,"159":0,"161":0,"163":0,"164":0,"165":0,"166":0,"169":0,"177":12,"182":1,"187":0,"192":1,"197":0,"202":0,"207":0,"212":0,"217":13},"path":"/home/martins/Lottery-App/contracts/Lottery.sol","s":{"1":9,"2":8,"3":8,"4":8,"5":8,"6":8,"7":8,"8":8,"9":5,"10":5,"11":4,"12":0,"13":0,"14":0,"15":0,"16":0,"17":0,"18":12,"19":1,"20":0,"21":1,"22":0,"23":0,"24":0,"25":0,"26":13},"b":{"1":[1,8],"2":[0,8],"3":[1,4],"4":[0,0]},"f":{"1":3,"2":9,"3":8,"4":5,"5":0,"6":12,"7":1,"8":0,"9":1,"10":0,"11":0,"12":0,"13":0,"14":13},"fnMap":{"1":{"name":"constructor","line":77,"loc":{"start":{"line":70,"column":4},"end":{"line":87,"column":4}}},"2":{"name":"enterLottery","line":90,"loc":{"start":{"line":90,"column":4},"end":{"line":112,"column":4}}},"3":{"name":"checkUpkeep","line":114,"loc":{"start":{"line":114,"column":4},"end":{"line":128,"column":8}}},"4":{"name":"performUpkeep","line":132,"loc":{"start":{"line":132,"column":4},"end":{"line":150,"column":4}}},"5":{"name":"fulfillRandomWords","line":152,"loc":{"start":{"line":152,"column":4},"end":{"line":172,"column":8}}},"6":{"name":"getEntranceFee","line":176,"loc":{"start":{"line":176,"column":4},"end":{"line":178,"column":4}}},"7":{"name":"getPlayer","line":181,"loc":{"start":{"line":181,"column":4},"end":{"line":183,"column":4}}},"8":{"name":"getRecentWinners","line":186,"loc":{"start":{"line":186,"column":4},"end":{"line":188,"column":4}}},"9":{"name":"getLotteryState","line":191,"loc":{"start":{"line":191,"column":4},"end":{"line":193,"column":4}}},"10":{"name":"getNumWords","line":196,"loc":{"start":{"line":196,"column":4},"end":{"line":198,"column":4}}},"11":{"name":"getPlayerNums","line":201,"loc":{"start":{"line":201,"column":4},"end":{"line":203,"column":4}}},"12":{"name":"getLatestTimestamp","line":206,"loc":{"start":{"line":206,"column":4},"end":{"line":208,"column":4}}},"13":{"name":"getRequestConfirmatons","line":211,"loc":{"start":{"line":211,"column":4},"end":{"line":213,"column":4}}},"14":{"name":"getInterval","line":216,"loc":{"start":{"line":216,"column":4},"end":{"line":218,"column":4}}}},"statementMap":{"1":{"start":{"line":91,"column":8},"end":{"line":91,"column":2963}},"2":{"start":{"line":95,"column":8},"end":{"line":95,"column":3134}},"3":{"start":{"line":98,"column":8},"end":{"line":98,"column":42}},"4":{"start":{"line":99,"column":8},"end":{"line":99,"column":39}},"5":{"start":{"line":119,"column":12},"end":{"line":119,"column":63}},"6":{"start":{"line":121,"column":12},"end":{"line":121,"column":80}},"7":{"start":{"line":123,"column":12},"end":{"line":123,"column":52}},"8":{"start":{"line":125,"column":12},"end":{"line":125,"column":54}},"9":{"start":{"line":136,"column":8},"end":{"line":136,"column":47}},"10":{"start":{"line":137,"column":8},"end":{"line":137,"column":4728}},"11":{"start":{"line":141,"column":8},"end":{"line":141,"column":4932}},"12":{"start":{"line":148,"column":9},"end":{"line":148,"column":46}},"13":{"start":{"line":156,"column":12},"end":{"line":156,"column":69}},"14":{"start":{"line":157,"column":12},"end":{"line":157,"column":67}},"15":{"start":{"line":164,"column":12},"end":{"line":164,"column":82}},"16":{"start":{"line":165,"column":12},"end":{"line":165,"column":5882}},"17":{"start":{"line":169,"column":12},"end":{"line":169,"column":43}},"18":{"start":{"line":177,"column":8},"end":{"line":177,"column":28}},"19":{"start":{"line":182,"column":8},"end":{"line":182,"column":31}},"20":{"start":{"line":187,"column":8},"end":{"line":187,"column":29}},"21":{"start":{"line":192,"column":8},"end":{"line":192,"column":29}},"22":{"start":{"line":197,"column":8},"end":{"line":197,"column":24}},"23":{"start":{"line":202,"column":8},"end":{"line":202,"column":31}},"24":{"start":{"line":207,"column":8},"end":{"line":207,"column":30}},"25":{"start":{"line":212,"column":8},"end":{"line":212,"column":36}},"26":{"start":{"line":217,"column":8},"end":{"line":217,"column":25}}},"branchMap":{"1":{"line":91,"type":"if","locations":[{"start":{"line":91,"column":8},"end":{"line":91,"column":8}},{"start":{"line":91,"column":8},"end":{"line":91,"column":8}}]},"2":{"line":95,"type":"if","locations":[{"start":{"line":95,"column":8},"end":{"line":95,"column":8}},{"start":{"line":95,"column":8},"end":{"line":95,"column":8}}]},"3":{"line":137,"type":"if","locations":[{"start":{"line":137,"column":8},"end":{"line":137,"column":8}},{"start":{"line":137,"column":8},"end":{"line":137,"column":8}}]},"4":{"line":165,"type":"if","locations":[{"start":{"line":165,"column":12},"end":{"line":165,"column":12}},{"start":{"line":165,"column":12},"end":{"line":165,"column":12}}]}}},"contracts/test/VRFCoordinatorV2Mock.sol":{"l":{},"path":"/home/martins/Lottery-App/contracts/test/VRFCoordinatorV2Mock.sol","s":{},"b":{},"f":{},"fnMap":{},"statementMap":{},"branchMap":{}}}