TN:
SF:/home/martins/Lottery-App/contracts/Lottery.sol
FN:77,constructor
FN:90,enterLottery
FN:114,checkUpkeep
FN:132,performUpkeep
FN:152,fulfillRandomWords
FN:176,getEntranceFee
FN:181,getPlayer
FN:186,getRecentWinners
FN:191,getLotteryState
FN:196,getNumWords
FN:201,getPlayerNums
FN:206,getLatestTimestamp
FN:211,getRequestConfirmatons
FN:216,getInterval
FNF:14
FNH:8
FNDA:3,constructor
FNDA:9,enterLottery
FNDA:8,checkUpkeep
FNDA:5,performUpkeep
FNDA:0,fulfillRandomWords
FNDA:12,getEntranceFee
FNDA:1,getPlayer
FNDA:0,getRecentWinners
FNDA:1,getLotteryState
FNDA:0,getNumWords
FNDA:0,getPlayerNums
FNDA:0,getLatestTimestamp
FNDA:0,getRequestConfirmatons
FNDA:13,getInterval
DA:78,3
DA:79,3
DA:80,3
DA:81,3
DA:82,3
DA:84,3
DA:85,3
DA:86,3
DA:91,9
DA:92,1
DA:95,8
DA:96,0
DA:98,8
DA:99,8
DA:119,8
DA:121,8
DA:123,8
DA:125,8
DA:126,8
DA:136,5
DA:137,5
DA:138,1
DA:140,4
DA:141,4
DA:148,0
DA:156,0
DA:157,0
DA:158,0
DA:159,0
DA:161,0
DA:163,0
DA:164,0
DA:165,0
DA:166,0
DA:169,0
DA:177,12
DA:182,1
DA:187,0
DA:192,1
DA:197,0
DA:202,0
DA:207,0
DA:212,0
DA:217,13
LF:44
LH:27
BRDA:91,1,0,1
BRDA:91,1,1,8
BRDA:95,2,0,0
BRDA:95,2,1,8
BRDA:137,3,0,1
BRDA:137,3,1,4
BRDA:165,4,0,0
BRDA:165,4,1,0
BRF:8
BRH:5
end_of_record
TN:
SF:/home/martins/Lottery-App/contracts/test/VRFCoordinatorV2Mock.sol
FNF:0
FNH:0
LF:0
LH:0
BRF:0
BRH:0
end_of_record
